2026-03-21 17:17:03,020 [INFO] Activator:176 - 


2026-03-21 17:17:03,022 [INFO] Activator:177 - !SESSION log4j initialized
2026-03-21 17:17:05,362 [INFO] LogOutputStream:77 - [STDOUT_REDIRECT] 
2026-03-21 17:17:12,001 [INFO] ApplicationProperties:184 - Using Application install path: C:\Users\maink\STM32CubeIDE_1.19.0\STM32CubeIDE\plugins\com.st.stm32cube.common.mx_6.15.0.202507011659
2026-03-21 17:17:12,013 [INFO] DbMcusXml:78 - Set database path to: C:\Users\maink\STM32CubeIDE_1.19.0\STM32CubeIDE\plugins\com.st.stm32cube.common.mx_6.15.0.202507011659\\db\/mcu/
2026-03-21 17:17:12,013 [INFO] ApiDb:274 - Set plugin database path to: C:\Users\maink\STM32CubeIDE_1.19.0\STM32CubeIDE\plugins\com.st.stm32cube.common.mx_6.15.0.202507011659\\db\/plugins/boardmanager/
2026-03-21 17:17:12,013 [WARN] ApiDb:259 - Overriding images path with different value:  => C:\Users\maink\STM32CubeIDE_1.19.0\STM32CubeIDE\plugins\com.st.stm32cube.common.mx_6.15.0.202507011659\\db\/plugins/mcufinder/images/
2026-03-21 17:17:12,016 [INFO] ApiDb:250 - Set database path to: C:\Users\maink\.stmcufinder\plugins\mcufinder//mcu/
2026-03-21 17:17:12,019 [INFO] DbMcusAds:125 - Set database path to: C:\Users\maink\.stmcufinder\plugins\mcufinder//mcu/
2026-03-21 17:17:12,020 [INFO] CrossReferenceDbSqlite:203 - Set database path to: C:\Users\maink\.stmcufinder\plugins\mcufinder//mcu/cs/
2026-03-21 17:17:12,110 [INFO] RulesReader:64 - Compatibility file has been processed (317 Rules)
2026-03-21 17:17:12,170 [INFO] DbMcusXml:78 - Set database path to: C:\Users\maink\STM32CubeIDE_1.19.0\STM32CubeIDE\plugins\com.st.stm32cube.common.mx_6.15.0.202507011659\\db\/mcu/
2026-03-21 17:17:12,171 [INFO] ApiDb:274 - Set plugin database path to: C:\Users\maink\STM32CubeIDE_1.19.0\STM32CubeIDE\plugins\com.st.stm32cube.common.mx_6.15.0.202507011659\\db\/plugins/boardmanager/
2026-03-21 17:17:12,171 [INFO] ApiDb:261 - Set plugin images path to: C:\Users\maink\STM32CubeIDE_1.19.0\STM32CubeIDE\plugins\com.st.stm32cube.common.mx_6.15.0.202507011659\\db\/plugins/mcufinder/images/
2026-03-21 17:17:12,171 [WARN] DbFile:41 - Overriding database path with different value: C:\Users\maink\.stmcufinder\plugins\mcufinder/ => C:\Users\maink\.stmcufinder\plugins\mcufinder
2026-03-21 17:17:12,171 [INFO] ApiDb:250 - Set database path to: C:\Users\maink\.stmcufinder\plugins\mcufinder//mcu/
2026-03-21 17:17:12,171 [WARN] DbFile:41 - Overriding database path with different value: C:\Users\maink\.stmcufinder\plugins\mcufinder/ => C:\Users\maink\.stmcufinder\plugins\mcufinder
2026-03-21 17:17:12,171 [INFO] DbMcusAds:125 - Set database path to: C:\Users\maink\.stmcufinder\plugins\mcufinder//mcu/
2026-03-21 17:17:12,171 [WARN] DbFile:41 - Overriding database path with different value: C:\Users\maink\.stmcufinder\plugins\mcufinder/ => C:\Users\maink\.stmcufinder\plugins\mcufinder
2026-03-21 17:17:12,171 [WARN] DbFile:41 - Overriding database path with different value: C:\Users\maink\.stmcufinder\plugins\mcufinder/ => C:\Users\maink\.stmcufinder\plugins\mcufinder
2026-03-21 17:17:12,171 [INFO] CrossReferenceDbSqlite:203 - Set database path to: C:\Users\maink\.stmcufinder\plugins\mcufinder//mcu/cs/
2026-03-21 17:17:12,228 [INFO] MainPanel:274 - HeapMemory: 268435456
2026-03-21 17:17:12,290 [INFO] DbMcusXml:78 - Set database path to: C:\Users\maink\STM32CubeIDE_1.19.0\STM32CubeIDE\plugins\com.st.stm32cube.common.mx_6.15.0.202507011659\\db\/mcu/
2026-03-21 17:17:12,290 [INFO] ApiDb:274 - Set plugin database path to: C:\Users\maink\STM32CubeIDE_1.19.0\STM32CubeIDE\plugins\com.st.stm32cube.common.mx_6.15.0.202507011659\\db\/plugins/boardmanager/
2026-03-21 17:17:12,291 [INFO] ApiDb:261 - Set plugin images path to: C:\Users\maink\STM32CubeIDE_1.19.0\STM32CubeIDE\plugins\com.st.stm32cube.common.mx_6.15.0.202507011659\\db\/plugins/mcufinder/images/
2026-03-21 17:17:12,291 [WARN] DbFile:41 - Overriding database path with different value: C:\Users\maink\.stmcufinder\plugins\mcufinder/ => C:\Users\maink\.stmcufinder\plugins\mcufinder
2026-03-21 17:17:12,291 [INFO] ApiDb:250 - Set database path to: C:\Users\maink\.stmcufinder\plugins\mcufinder//mcu/
2026-03-21 17:17:12,291 [WARN] DbFile:41 - Overriding database path with different value: C:\Users\maink\.stmcufinder\plugins\mcufinder/ => C:\Users\maink\.stmcufinder\plugins\mcufinder
2026-03-21 17:17:12,291 [INFO] DbMcusAds:125 - Set database path to: C:\Users\maink\.stmcufinder\plugins\mcufinder//mcu/
2026-03-21 17:17:12,291 [WARN] DbFile:41 - Overriding database path with different value: C:\Users\maink\.stmcufinder\plugins\mcufinder/ => C:\Users\maink\.stmcufinder\plugins\mcufinder
2026-03-21 17:17:12,291 [WARN] DbFile:41 - Overriding database path with different value: C:\Users\maink\.stmcufinder\plugins\mcufinder/ => C:\Users\maink\.stmcufinder\plugins\mcufinder
2026-03-21 17:17:12,291 [INFO] CrossReferenceDbSqlite:203 - Set database path to: C:\Users\maink\.stmcufinder\plugins\mcufinder//mcu/cs/
2026-03-21 17:17:12,305 [INFO] ApplicationProperties:184 - Using Application install path: C:\Users\maink\STM32CubeIDE_1.19.0\STM32CubeIDE\plugins\com.st.stm32cube.common.mx_6.15.0.202507011659
2026-03-21 17:17:12,306 [INFO] PluginManage:196 - Search for loadable plugins [exclusion list=, ]
2026-03-21 17:17:12,308 [INFO] PluginManage:310 - Check plugin analytics
2026-03-21 17:17:17,410 [INFO] AnalyticsPlugin:253 - Accepted Software Licenses: 
2026-03-21 17:17:17,410 [INFO] AnalyticsPlugin:255 - Accepted CMSIS Pack Licenses: 
2026-03-21 17:17:17,411 [INFO] AnalyticsPlugin:257 - Accepted Firmware Licenses: FW.L4.1.18.0
2026-03-21 17:17:17,421 [INFO] PluginManage:359 - Loaded plugin analytics (category:tool,tabindex:-1)
2026-03-21 17:17:17,421 [INFO] PluginManage:310 - Check plugin cadmodel
2026-03-21 17:17:17,427 [INFO] CADModel:105 - Init CAD model plugin
2026-03-21 17:17:17,427 [INFO] PluginManage:359 - Loaded plugin cadmodel (category:power,tabindex:5)
2026-03-21 17:17:17,427 [INFO] PluginManage:310 - Check plugin clock
2026-03-21 17:17:17,439 [INFO] PluginManage:359 - Loaded plugin clock (category:base,tabindex:2)
2026-03-21 17:17:17,439 [INFO] PluginManage:310 - Check plugin ddr
2026-03-21 17:17:17,443 [INFO] PluginManage:359 - Loaded plugin ddr (category:tool,tabindex:6)
2026-03-21 17:17:17,443 [INFO] PluginManage:310 - Check plugin filemanager
2026-03-21 17:17:17,588 [INFO] PluginManage:359 - Loaded plugin filemanager (category:base,tabindex:10)
2026-03-21 17:17:17,588 [INFO] PluginManage:310 - Check plugin ipmanager
2026-03-21 17:17:17,594 [INFO] PluginManage:359 - Loaded plugin ipmanager (category:base,tabindex:5)
2026-03-21 17:17:17,594 [INFO] PluginManage:310 - Check plugin lpbam
2026-03-21 17:17:17,601 [INFO] PluginManage:359 - Loaded plugin lpbam (category:base,tabindex:0)
2026-03-21 17:17:17,601 [INFO] PluginManage:310 - Check plugin memorymap
2026-03-21 17:17:17,613 [INFO] PluginManage:359 - Loaded plugin memorymap (category:base,tabindex:4)
2026-03-21 17:17:17,613 [INFO] PluginManage:310 - Check plugin pinoutandconfiguration
2026-03-21 17:17:17,621 [INFO] PluginManage:359 - Loaded plugin pinoutandconfiguration (category:base,tabindex:1)
2026-03-21 17:17:17,621 [INFO] PluginManage:310 - Check plugin pinoutconfig
2026-03-21 17:17:17,698 [WARN] SupportedApi:132 - Cannot load RTOS API schema: s4s-elt-must-match.1: The content of 'definitions' must match (annotation?, (simpleType | complexType)?, (unique | key | keyref)*)). A problem was found starting at: attribute.
2026-03-21 17:17:17,817 [INFO] PluginManage:359 - Loaded plugin pinoutconfig (category:base,tabindex:0)
2026-03-21 17:17:17,819 [INFO] PluginManage:310 - Check plugin power
2026-03-21 17:17:17,826 [INFO] PluginManage:359 - Loaded plugin power (category:power,tabindex:4)
2026-03-21 17:17:17,826 [INFO] PluginManage:310 - Check plugin projectmanager
2026-03-21 17:17:17,838 [INFO] PluginManage:359 - Loaded plugin projectmanager (category:projectmanager,tabindex:4)
2026-03-21 17:17:17,840 [INFO] PluginManage:310 - Check plugin rif
2026-03-21 17:17:17,847 [INFO] PluginManage:359 - Loaded plugin rif (category:base,tabindex:3)
2026-03-21 17:17:17,847 [INFO] PluginManage:310 - Check plugin thirdparty
2026-03-21 17:17:17,951 [INFO] PluginManage:359 - Loaded plugin thirdparty (category:base,tabindex:-1)
2026-03-21 17:17:17,951 [WARN] IntegrityCheckThread:84 - waiting for thirdparty lock release [integrity check]
2026-03-21 17:17:17,951 [INFO] PluginManage:310 - Check plugin tools
2026-03-21 17:17:17,951 [INFO] IntegrityCheckThread:86 - entering critical section [integrity check]
2026-03-21 17:17:17,951 [INFO] ThirdPartyUpdaterWithRetryManager:70 - Updater plugin not ready yet. [1/15]
2026-03-21 17:17:17,953 [INFO] PluginManage:359 - Loaded plugin tools (category:base,tabindex:7)
2026-03-21 17:17:17,953 [INFO] PluginManage:310 - Check plugin tutovideos
2026-03-21 17:17:18,109 [INFO] PluginManage:359 - Loaded plugin tutovideos (category:base,tabindex:-1)
2026-03-21 17:17:18,109 [INFO] PluginManage:310 - Check plugin updater
2026-03-21 17:17:18,124 [INFO] PluginManage:359 - Loaded plugin updater (category:base,tabindex:12)
2026-03-21 17:17:18,124 [INFO] PluginManage:310 - Check plugin userauth
2026-03-21 17:17:18,128 [INFO] UserAuth:118 - Init User Auth plugin
2026-03-21 17:17:18,128 [INFO] PluginManage:359 - Loaded plugin userauth (category:base,tabindex:14)
2026-03-21 17:17:18,128 [INFO] PluginManage:283 - PluginManage : Loaded plugins [18]
2026-03-21 17:17:18,308 [INFO] PinOutPanel:1589 - setPackage(No Configuration,No Configuration)
2026-03-21 17:17:18,376 [INFO] CADModel:165 - CPN selected for project level
2026-03-21 17:17:18,376 [INFO] CADModel:114 - Register for checkConnection events
2026-03-21 17:17:18,388 [INFO] IPUIPlugin:80 - create IPUIPlugin
2026-03-21 17:17:18,388 [INFO] PluginManager:220 - loadIPPluginJar : add adc
2026-03-21 17:17:18,392 [INFO] IPUIPlugin:80 - create IPUIPlugin
2026-03-21 17:17:18,392 [INFO] PluginManager:220 - loadIPPluginJar : add aes
2026-03-21 17:17:18,395 [INFO] IPUIPlugin:80 - create IPUIPlugin
2026-03-21 17:17:18,395 [INFO] PluginManager:220 - loadIPPluginJar : add can
2026-03-21 17:17:18,396 [INFO] IPUIPlugin:80 - create IPUIPlugin
2026-03-21 17:17:18,396 [INFO] PluginManager:220 - loadIPPluginJar : add comp
2026-03-21 17:17:18,398 [INFO] IPUIPlugin:80 - create IPUIPlugin
2026-03-21 17:17:18,398 [INFO] PluginManager:220 - loadIPPluginJar : add cryp
2026-03-21 17:17:18,400 [INFO] IPUIPlugin:80 - create IPUIPlugin
2026-03-21 17:17:18,400 [INFO] PluginManager:220 - loadIPPluginJar : add ddr_ctrl_phy
2026-03-21 17:17:18,402 [INFO] IPUIPlugin:80 - create IPUIPlugin
2026-03-21 17:17:18,403 [INFO] PluginManager:220 - loadIPPluginJar : add dfsdm
2026-03-21 17:17:18,407 [INFO] IPUIPlugin:80 - create IPUIPlugin
2026-03-21 17:17:18,407 [INFO] PluginManager:220 - loadIPPluginJar : add dma
2026-03-21 17:17:18,409 [INFO] IPUIPlugin:80 - create IPUIPlugin
2026-03-21 17:17:18,410 [INFO] PluginManager:220 - loadIPPluginJar : add dma3
2026-03-21 17:17:18,413 [INFO] IPUIPlugin:80 - create IPUIPlugin
2026-03-21 17:17:18,413 [INFO] PluginManager:220 - loadIPPluginJar : add extmemmanager
2026-03-21 17:17:18,414 [INFO] IPUIPlugin:80 - create IPUIPlugin
2026-03-21 17:17:18,414 [INFO] PluginManager:220 - loadIPPluginJar : add fatfs
2026-03-21 17:17:18,418 [INFO] IPUIPlugin:80 - create IPUIPlugin
2026-03-21 17:17:18,418 [INFO] PluginManager:220 - loadIPPluginJar : add fmc
2026-03-21 17:17:18,423 [INFO] IPUIPlugin:80 - create IPUIPlugin
2026-03-21 17:17:18,423 [INFO] PluginManager:220 - loadIPPluginJar : add freertos
2026-03-21 17:17:18,425 [INFO] IPUIPlugin:80 - create IPUIPlugin
2026-03-21 17:17:18,425 [INFO] PluginManager:220 - loadIPPluginJar : add genericplugin
2026-03-21 17:17:18,427 [INFO] IPUIPlugin:80 - create IPUIPlugin
2026-03-21 17:17:18,427 [INFO] PluginManager:220 - loadIPPluginJar : add gfxmmu
2026-03-21 17:17:18,431 [INFO] IPUIPlugin:80 - create IPUIPlugin
2026-03-21 17:17:18,432 [INFO] PluginManager:220 - loadIPPluginJar : add gic
2026-03-21 17:17:18,436 [INFO] IPUIPlugin:80 - create IPUIPlugin
2026-03-21 17:17:18,436 [INFO] PluginManager:220 - loadIPPluginJar : add gpio
2026-03-21 17:17:18,439 [INFO] IPUIPlugin:80 - create IPUIPlugin
2026-03-21 17:17:18,440 [INFO] PluginManager:220 - loadIPPluginJar : add gtzc
2026-03-21 17:17:18,442 [INFO] IPUIPlugin:80 - create IPUIPlugin
2026-03-21 17:17:18,442 [INFO] PluginManager:220 - loadIPPluginJar : add hash
2026-03-21 17:17:18,444 [INFO] IPUIPlugin:80 - create IPUIPlugin
2026-03-21 17:17:18,446 [INFO] PluginManager:220 - loadIPPluginJar : add i2c
2026-03-21 17:17:18,447 [INFO] IPUIPlugin:80 - create IPUIPlugin
2026-03-21 17:17:18,448 [INFO] PluginManager:220 - loadIPPluginJar : add i2s
2026-03-21 17:17:18,451 [INFO] IPUIPlugin:80 - create IPUIPlugin
2026-03-21 17:17:18,451 [INFO] PluginManager:220 - loadIPPluginJar : add i3c
2026-03-21 17:17:18,454 [INFO] IPUIPlugin:80 - create IPUIPlugin
2026-03-21 17:17:18,454 [INFO] PluginManager:220 - loadIPPluginJar : add ipddr
2026-03-21 17:17:18,460 [INFO] IPUIPlugin:80 - create IPUIPlugin
2026-03-21 17:17:18,460 [INFO] PluginManager:220 - loadIPPluginJar : add linkedlist
2026-03-21 17:17:18,463 [INFO] IPUIPlugin:80 - create IPUIPlugin
2026-03-21 17:17:18,463 [INFO] PluginManager:220 - loadIPPluginJar : add lorawan
2026-03-21 17:17:18,464 [INFO] IPUIPlugin:80 - create IPUIPlugin
2026-03-21 17:17:18,464 [INFO] PluginManager:220 - loadIPPluginJar : add ltdc
2026-03-21 17:17:18,469 [INFO] IPUIPlugin:80 - create IPUIPlugin
2026-03-21 17:17:18,469 [INFO] PluginManager:220 - loadIPPluginJar : add mdma
2026-03-21 17:17:18,472 [INFO] IPUIPlugin:80 - create IPUIPlugin
2026-03-21 17:17:18,473 [INFO] PluginManager:220 - loadIPPluginJar : add nvic
2026-03-21 17:17:18,475 [INFO] IPUIPlugin:80 - create IPUIPlugin
2026-03-21 17:17:18,475 [INFO] PluginManager:220 - loadIPPluginJar : add opamp
2026-03-21 17:17:18,479 [INFO] IPUIPlugin:80 - create IPUIPlugin
2026-03-21 17:17:18,479 [INFO] PluginManager:220 - loadIPPluginJar : add openamp
2026-03-21 17:17:18,481 [INFO] IPUIPlugin:80 - create IPUIPlugin
2026-03-21 17:17:18,481 [INFO] PluginManager:220 - loadIPPluginJar : add pdm2pcm
2026-03-21 17:17:18,486 [INFO] IPUIPlugin:80 - create IPUIPlugin
2026-03-21 17:17:18,488 [INFO] PluginManager:220 - loadIPPluginJar : add plateformsettings
2026-03-21 17:17:18,491 [INFO] IPUIPlugin:80 - create IPUIPlugin
2026-03-21 17:17:18,491 [INFO] PluginManager:220 - loadIPPluginJar : add quadspi
2026-03-21 17:17:18,493 [INFO] IPUIPlugin:80 - create IPUIPlugin
2026-03-21 17:17:18,493 [INFO] PluginManager:220 - loadIPPluginJar : add radio
2026-03-21 17:17:18,496 [INFO] IPUIPlugin:80 - create IPUIPlugin
2026-03-21 17:17:18,496 [INFO] PluginManager:220 - loadIPPluginJar : add resmgrutility
2026-03-21 17:17:18,499 [INFO] IPUIPlugin:80 - create IPUIPlugin
2026-03-21 17:17:18,499 [INFO] PluginManager:220 - loadIPPluginJar : add sai
2026-03-21 17:17:18,502 [INFO] IPUIPlugin:80 - create IPUIPlugin
2026-03-21 17:17:18,502 [INFO] PluginManager:220 - loadIPPluginJar : add spi
2026-03-21 17:17:18,507 [INFO] IPUIPlugin:80 - create IPUIPlugin
2026-03-21 17:17:18,507 [INFO] PluginManager:220 - loadIPPluginJar : add stm32_wpan
2026-03-21 17:17:18,508 [INFO] IPUIPlugin:80 - create IPUIPlugin
2026-03-21 17:17:18,508 [INFO] PluginManager:220 - loadIPPluginJar : add tim
2026-03-21 17:17:18,511 [INFO] IPUIPlugin:80 - create IPUIPlugin
2026-03-21 17:17:18,511 [INFO] PluginManager:220 - loadIPPluginJar : add touchsensing
2026-03-21 17:17:18,513 [INFO] IPUIPlugin:80 - create IPUIPlugin
2026-03-21 17:17:18,513 [INFO] PluginManager:220 - loadIPPluginJar : add tracer_emb
2026-03-21 17:17:18,515 [INFO] IPUIPlugin:80 - create IPUIPlugin
2026-03-21 17:17:18,515 [INFO] PluginManager:220 - loadIPPluginJar : add ts
2026-03-21 17:17:18,516 [INFO] IPUIPlugin:80 - create IPUIPlugin
2026-03-21 17:17:18,516 [INFO] PluginManager:220 - loadIPPluginJar : add tsc
2026-03-21 17:17:18,519 [INFO] IPUIPlugin:80 - create IPUIPlugin
2026-03-21 17:17:18,519 [INFO] PluginManager:220 - loadIPPluginJar : add ucpd
2026-03-21 17:17:18,521 [INFO] IPUIPlugin:80 - create IPUIPlugin
2026-03-21 17:17:18,521 [INFO] PluginManager:220 - loadIPPluginJar : add usart
2026-03-21 17:17:18,525 [INFO] IPUIPlugin:80 - create IPUIPlugin
2026-03-21 17:17:18,525 [INFO] PluginManager:220 - loadIPPluginJar : add usbx
2026-03-21 17:17:18,669 [FATAL] Updater:351 - Updater called before beeing initialized
2026-03-21 17:17:18,691 [INFO] RulesReader:64 - Compatibility file has been processed (317 Rules)
2026-03-21 17:17:18,699 [INFO] RulesReader:64 - Compatibility file has been processed (317 Rules)
2026-03-21 17:17:18,705 [INFO] CADModel:165 - CPN selected for project level
2026-03-21 17:17:18,705 [INFO] CADModel:114 - Register for checkConnection events
2026-03-21 17:17:18,705 [FATAL] Updater:351 - Updater called before beeing initialized
2026-03-21 17:17:18,705 [ERROR] CADModel:125 - Updater not yet initialized, retry later 
2026-03-21 17:17:18,815 [FATAL] Updater:351 - Updater called before beeing initialized
2026-03-21 17:17:18,816 [INFO] CADModel:165 - CPN selected for project level
2026-03-21 17:17:18,816 [INFO] CADModel:114 - Register for checkConnection events
2026-03-21 17:17:18,816 [FATAL] Updater:351 - Updater called before beeing initialized
2026-03-21 17:17:18,816 [ERROR] CADModel:125 - Updater not yet initialized, retry later 
2026-03-21 17:17:18,820 [FATAL] Updater:351 - Updater called before beeing initialized
2026-03-21 17:17:18,910 [FATAL] Updater:351 - Updater called before beeing initialized
2026-03-21 17:17:18,913 [INFO] DbMcusAds:53 - JSON generation date=Wed Feb 18 15:32:49 CET 2026 (1771425169665)
2026-03-21 17:17:18,913 [FATAL] Updater:351 - Updater called before beeing initialized
2026-03-21 17:17:18,944 [WARN] DetailPanel:346 - Failed to get advertising image, set to default
2026-03-21 17:17:19,020 [FATAL] Updater:351 - Updater called before beeing initialized
2026-03-21 17:17:19,022 [FATAL] Updater:351 - Updater called before beeing initialized
2026-03-21 17:17:19,022 [FATAL] Updater:351 - Updater called before beeing initialized
2026-03-21 17:17:19,022 [WARN] DetailPanel:346 - Failed to get advertising image, set to default
2026-03-21 17:17:19,022 [FATAL] Updater:351 - Updater called before beeing initialized
2026-03-21 17:17:19,061 [ERROR] Updater:1198 - MainUpdater not yet initialized. External WinMGr cannot be set.
2026-03-21 17:17:19,063 [INFO] Updater:1134 - Updater Version found : 6.15.0
2026-03-21 17:17:19,076 [INFO] ApplicationProperties:184 - Using Application install path: C:\Users\maink\STM32CubeIDE_1.19.0\STM32CubeIDE\plugins\com.st.stm32cube.common.mx_6.15.0.202507011659
2026-03-21 17:17:20,643 [ERROR] LogOutputStream:75 - [STDERR_REDIRECT] Mar 21, 2026 5:17:20 PM java.util.prefs.WindowsPreferences <init>
2026-03-21 17:17:20,644 [ERROR] LogOutputStream:75 - [STDERR_REDIRECT] WARNING: Could not open/create prefs root node Software\JavaSoft\Prefs at root 0xffffffff80000002. Windows RegCreateKeyEx(...) returned error code 5.
2026-03-21 17:17:20,644 [ERROR] LogOutputStream:75 - [STDERR_REDIRECT] 
2026-03-21 17:17:20,851 [INFO] MainUpdater:2872 - connection check result : 10
2026-03-21 17:17:20,852 [INFO] MainUpdater:289 - Updater Check For Update Now.
2026-03-21 17:17:20,852 [INFO] MicroXplorer:498 - Change Database Version : DB.6.0.150
2026-03-21 17:17:20,857 [INFO] McuFinderGlobals:63 - Set McuFinder mode to 2 (CubeIDE integrated)
2026-03-21 17:17:20,857 [INFO] UserAuth:487 - Internet connection configuration mode: 1
2026-03-21 17:17:20,875 [INFO] JxBrowserEngine:152 - Initiate JxBrowser Engine with user profile folder
2026-03-21 17:17:20,953 [WARN] MainUpdater:1193 - Updater busy. Cannot search thirdparties
2026-03-21 17:17:20,953 [INFO] ThirdPartyUpdaterWithRetryManager:96 - Updater plugin is busy. [1/15]
2026-03-21 17:17:21,015 [INFO] CheckServerUpdateThread:120 - End of CheckServer Thread
2026-03-21 17:17:21,426 [INFO] WebApp:169 - Instantiating new browser for Auth
2026-03-21 17:17:22,008 [INFO] WebApp:463 - Apply proxy settings
2026-03-21 17:17:22,008 [INFO] WebApp:548 - Chromium requires no authentication
2026-03-21 17:17:22,015 [INFO] WebApp:491 - Direct internet connection detected
2026-03-21 17:17:22,032 [INFO] WebApp:900 - Register for checkConnection events
2026-03-21 17:17:22,033 [INFO] WebApp:463 - Apply proxy settings
2026-03-21 17:17:22,033 [INFO] WebApp:548 - Chromium requires no authentication
2026-03-21 17:17:22,033 [INFO] WebApp:491 - Direct internet connection detected
2026-03-21 17:17:22,148 [INFO] WebApp:191 - Connection restablished
2026-03-21 17:17:22,178 [INFO] WebApp:225 - Starting web application
2026-03-21 17:17:22,178 [INFO] WebApp:593 - Web application path used C:\Users\maink\STM32CubeIDE_1.19.0\STM32CubeIDE\plugins\com.st.stm32cube.common.mx_6.15.0.202507011659\db\plugins\mcufinder\reactClient1\index.html
2026-03-21 17:17:22,267 [INFO] UserAuth:487 - Internet connection configuration mode: 1
2026-03-21 17:17:22,351 [ERROR] LogOutputStream:75 - [STDERR_REDIRECT] [Fatal Error] :1:1: Premature end of file.
2026-03-21 17:17:22,351 [ERROR] LogOutputStream:75 - [STDERR_REDIRECT] 
2026-03-21 17:17:23,315 [ERROR] LogOutputStream:75 - [STDERR_REDIRECT] [Fatal Error] :1:1: Premature end of file.
2026-03-21 17:17:23,315 [ERROR] LogOutputStream:75 - [STDERR_REDIRECT] 
2026-03-21 17:17:24,202 [WARN] PackLoader:240 - Cannot read IP mode file for STMicroelectronics.X-CUBE-AZRTOS-H7.3.5.0
2026-03-21 17:17:24,213 [WARN] PackLoader:240 - Cannot read IP mode file for STMicroelectronics.FP-ATR-ASTRA1.2.0.2
2026-03-21 17:17:24,219 [WARN] PackLoader:240 - Cannot read IP mode file for STMicroelectronics.X-CUBE-SMBUS.2.1.0
2026-03-21 17:17:24,240 [WARN] PackLoader:240 - Cannot read IP mode file for STMicroelectronics.X-CUBE-AZRTOS-F7.1.1.0
2026-03-21 17:17:24,248 [WARN] PackLoader:240 - Cannot read IP mode file for STMicroelectronics.FP-SNS-MOTENV1.5.1.0
2026-03-21 17:17:24,259 [WARN] PackLoader:240 - Cannot read IP mode file for WES.I-CUBE-Cesium.1.4.0
2026-03-21 17:17:24,289 [WARN] PackLoader:240 - Cannot read IP mode file for STMicroelectronics.X-CUBE-AZRTOS-H7.3.4.0
2026-03-21 17:17:24,300 [WARN] PackLoader:240 - Cannot read IP mode file for STMicroelectronics.X-CUBE-DISPLAY.3.0.0
2026-03-21 17:17:24,310 [WARN] PackLoader:240 - Cannot read IP mode file for STMicroelectronics.FP-SNS-MOTENVWB1.1.5.0
2026-03-21 17:17:24,320 [WARN] PackLoader:240 - Cannot read IP mode file for STMicroelectronics.X-CUBE-NFC10.1.0.0
2026-03-21 17:17:24,328 [WARN] PackLoader:240 - Cannot read IP mode file for STMicroelectronics.X-CUBE-ST60.1.1.0
2026-03-21 17:17:24,334 [WARN] PackLoader:240 - Cannot read IP mode file for emotas.I-CUBE-CANOPEN.1.3.0
2026-03-21 17:17:24,340 [WARN] PackLoader:240 - Cannot read IP mode file for STMicroelectronics.X-CUBE-GNSS1.7.1.0
2026-03-21 17:17:24,345 [ERROR] LogOutputStream:75 - [STDERR_REDIRECT] [Fatal Error] :1:1: Premature end of file.
2026-03-21 17:17:24,345 [ERROR] LogOutputStream:75 - [STDERR_REDIRECT] 
2026-03-21 17:17:24,348 [WARN] PackLoader:240 - Cannot read IP mode file for STMicroelectronics.FP-SNS-STBOX1.2.1.0
2026-03-21 17:17:24,354 [WARN] PackLoader:240 - Cannot read IP mode file for STMicroelectronics.FP-SNS-SMARTAG2.1.2.0
2026-03-21 17:17:24,358 [WARN] PackLoader:240 - Cannot read IP mode file for STMicroelectronics.FP-SNS-FLIGHT1.5.1.0
2026-03-21 17:17:24,367 [INFO] LogOutputStream:77 - [STDOUT_REDIRECT] 1 : Invalid condition id : UX_CORESTACK_Condition cause : null
2026-03-21 17:17:24,367 [INFO] LogOutputStream:77 - [STDOUT_REDIRECT] 1 : Invalid condition id : UX_CORESTACK_Condition cause : null
2026-03-21 17:17:24,369 [INFO] LogOutputStream:77 - [STDOUT_REDIRECT] 1 : Invalid condition id : UX_CORESTACK_Condition cause : null
2026-03-21 17:17:24,370 [INFO] LogOutputStream:77 - [STDOUT_REDIRECT] 1 : Invalid condition id : UX_CORESTACK_Condition cause : null
2026-03-21 17:17:24,371 [INFO] LogOutputStream:77 - [STDOUT_REDIRECT] 1 : Invalid condition id : UX_CORESTACK_Condition cause : null
2026-03-21 17:17:24,373 [WARN] PackLoader:240 - Cannot read IP mode file for STMicroelectronics.X-CUBE-AZRTOS-WL.2.0.0
2026-03-21 17:17:24,391 [WARN] PackLoader:240 - Cannot read IP mode file for STMicroelectronics.X-CUBE-AZRTOS-H7RS.1.2.0
2026-03-21 17:17:24,399 [WARN] PackLoader:240 - Cannot read IP mode file for STMicroelectronics.X-CUBE-BLE2.3.3.0
2026-03-21 17:17:24,436 [WARN] PackLoader:240 - Cannot read IP mode file for Infineon.AIROC-Wi-Fi-Bluetooth-STM32.1.8.0
2026-03-21 17:17:24,446 [WARN] PackLoader:240 - Cannot read IP mode file for STMicroelectronics.X-CUBE-NFC9.1.0.0
2026-03-21 17:17:24,453 [WARN] PackLoader:240 - Cannot read IP mode file for STMicroelectronics.X-CUBE-BLE1.7.1.0
2026-03-21 17:17:24,456 [WARN] PackLoader:240 - Cannot read IP mode file for wolfSSL.I-CUBE-wolfMQTT.1.19.2
2026-03-21 17:17:24,461 [WARN] PackLoader:240 - Cannot read IP mode file for STMicroelectronics.X-CUBE-FREERTOS.1.4.0
2026-03-21 17:17:24,466 [WARN] PackLoader:240 - Cannot read IP mode file for STMicroelectronics.X-CUBE-EEPRMA1.5.2.0
2026-03-21 17:17:24,470 [WARN] PackLoader:240 - Cannot read IP mode file for wolfSSL.I-CUBE-wolfSSL.5.8.4
2026-03-21 17:17:24,474 [WARN] PackLoader:240 - Cannot read IP mode file for Cesanta.I-CUBE-Mongoose.7.20.0
2026-03-21 17:17:24,503 [WARN] PackLoader:240 - Cannot read IP mode file for STMicroelectronics.X-CUBE-MEMS1.12.0.0
2026-03-21 17:17:24,580 [WARN] PackLoader:240 - Cannot read IP mode file for STMicroelectronics.X-CUBE-AZRTOS-G0.1.1.0
2026-03-21 17:17:24,586 [WARN] PackLoader:240 - Cannot read IP mode file for STMicroelectronics.X-CUBE-NFC4.3.0.0
2026-03-21 17:17:24,594 [WARN] PackLoader:240 - Cannot read IP mode file for EmbeddedOffice.I-CUBE-FS-RTOS.1.0.1
2026-03-21 17:17:24,598 [WARN] PackLoader:240 - Cannot read IP mode file for STMicroelectronics.X-CUBE-WB05N.2.0.0
2026-03-21 17:17:24,602 [WARN] PackLoader:240 - Cannot read IP mode file for wolfSSL.I-CUBE-wolfTPM.3.8.0
2026-03-21 17:17:24,606 [WARN] PackLoader:240 - Cannot read IP mode file for STMicroelectronics.X-CUBE-TCPP.4.2.0
2026-03-21 17:17:24,611 [WARN] PackLoader:240 - Cannot read IP mode file for RealThread.X-CUBE-RT-Thread_Nano.4.1.1
2026-03-21 17:17:24,615 [WARN] PackLoader:240 - Cannot read IP mode file for STMicroelectronics.FP-ATR-SIGFOX1.3.2.0
2026-03-21 17:17:24,619 [WARN] PackLoader:240 - Cannot read IP mode file for STMicroelectronics.X-CUBE-FREERTOS.1.5.0
2026-03-21 17:17:24,625 [WARN] PackLoader:240 - Cannot read IP mode file for ITTIA_DB.I-CUBE-ITTIADB.8.9.0
2026-03-21 17:17:24,629 [WARN] PackLoader:240 - Cannot read IP mode file for STMicroelectronics.X-CUBE-NFC6.3.2.0
2026-03-21 17:17:24,635 [WARN] PackLoader:240 - Cannot read IP mode file for STMicroelectronics.X-CUBE-AI.10.2.0
2026-03-21 17:17:24,667 [WARN] PackLoader:240 - Cannot read IP mode file for SEGGER.I-CUBE-embOS.1.3.1
2026-03-21 17:17:24,734 [WARN] PackLoader:240 - Cannot read IP mode file for STMicroelectronics.X-CUBE-ALGOBUILD.1.4.0
2026-03-21 17:17:24,740 [WARN] PackLoader:240 - Cannot read IP mode file for STMicroelectronics.X-CUBE-PM33A1.1.0.0
2026-03-21 17:17:24,760 [WARN] PackLoader:240 - Cannot read IP mode file for STMicroelectronics.X-CUBE-AZRTOS-F4.1.1.0
2026-03-21 17:17:24,765 [WARN] PackLoader:240 - Cannot read IP mode file for STMicroelectronics.X-CUBE-ISPU.2.1.0
2026-03-21 17:17:24,774 [WARN] PackLoader:240 - Cannot read IP mode file for STMicroelectronics.X-CUBE-IPS.3.2.0
2026-03-21 17:17:24,785 [WARN] PackLoader:240 - Cannot read IP mode file for STMicroelectronics.X-CUBE-NFC12.1.0.0
2026-03-21 17:17:24,797 [WARN] PackLoader:240 - Cannot read IP mode file for STMicroelectronics.X-CUBE-AZRTOS-L5.2.0.0
2026-03-21 17:17:24,802 [WARN] PackLoader:240 - Cannot read IP mode file for STMicroelectronics.X-CUBE-TOUCHGFX.4.26.0
2026-03-21 17:17:24,804 [WARN] PackLoader:240 - Cannot read IP mode file for STMicroelectronics.X-CUBE-TOUCHGFX.4.26.1
2026-03-21 17:17:24,809 [WARN] PackLoader:240 - Cannot read IP mode file for STMicroelectronics.FP-SNS-STAIOTCFT.1.0.0
2026-03-21 17:17:24,813 [WARN] PackLoader:240 - Cannot read IP mode file for STMicroelectronics.X-CUBE-DPower.1.3.0
2026-03-21 17:17:24,825 [WARN] ConditionMgr:438 - getConditionDescription Invalid condition id : LAN8742 Phy interface Condition cause : null
2026-03-21 17:17:24,825 [WARN] PackLoader:240 - Cannot read IP mode file for STMicroelectronics.X-CUBE-AZRTOS-L4.2.0.0
2026-03-21 17:17:24,826 [WARN] ConditionMgr:1044 - genDependencies : Invalid condition id : LAN8742 Phy interface Condition cause : null
2026-03-21 17:17:24,826 [WARN] ConditionMgr:1044 - genDependencies : Invalid condition id : LAN8742 Phy interface Condition cause : null
2026-03-21 17:17:24,826 [WARN] ConditionMgr:1044 - genDependencies : Invalid condition id : LAN8742 Phy interface Condition cause : null
2026-03-21 17:17:24,833 [WARN] PackLoader:240 - Cannot read IP mode file for STMicroelectronics.X-CUBE-SFXS2LP1.4.0.0
2026-03-21 17:17:24,838 [WARN] PackLoader:240 - Cannot read IP mode file for STMicroelectronics.X-CUBE-ST67W61.1.2.0
2026-03-21 17:17:24,846 [WARN] PackLoader:240 - Cannot read IP mode file for STMicroelectronics.X-CUBE-BLEMGR.4.1.0
2026-03-21 17:17:24,856 [WARN] ConditionMgr:438 - getConditionDescription Invalid condition id : UX DEVICE CLASS RTOS Condition cause : null
2026-03-21 17:17:24,856 [WARN] ConditionMgr:438 - getConditionDescription Invalid condition id : UX DEVICE CLASS RTOS Condition cause : null
2026-03-21 17:17:24,857 [WARN] PackLoader:240 - Cannot read IP mode file for STMicroelectronics.X-CUBE-AZRTOS-WB.2.0.0
2026-03-21 17:17:24,857 [WARN] ConditionMgr:1044 - genDependencies : Invalid condition id : UX DEVICE CLASS RTOS Condition cause : null
2026-03-21 17:17:24,858 [WARN] ConditionMgr:1044 - genDependencies : Invalid condition id : UX DEVICE CLASS RTOS Condition cause : null
2026-03-21 17:17:24,858 [WARN] ConditionMgr:1044 - genDependencies : Invalid condition id : UX DEVICE CLASS RTOS Condition cause : null
2026-03-21 17:17:24,858 [WARN] ConditionMgr:1044 - genDependencies : Invalid condition id : UX DEVICE CLASS RTOS Condition cause : null
2026-03-21 17:17:24,858 [WARN] ConditionMgr:1044 - genDependencies : Invalid condition id : UX DEVICE CLASS RTOS Condition cause : null
2026-03-21 17:17:24,863 [WARN] ConditionMgr:438 - getConditionDescription Invalid condition id : Cortex-A Device cause : null
2026-03-21 17:17:24,869 [WARN] ConditionMgr:1044 - genDependencies : Invalid condition id : Cortex-A Device cause : null
2026-03-21 17:17:24,870 [WARN] ConditionMgr:1044 - genDependencies : Invalid condition id : Cortex-A Device cause : null
2026-03-21 17:17:24,870 [WARN] ConditionMgr:1044 - genDependencies : Invalid condition id : Cortex-A Device cause : null
2026-03-21 17:17:24,875 [WARN] PackLoader:240 - Cannot read IP mode file for STMicroelectronics.X-CUBE-STSE01.2.0.0
2026-03-21 17:17:24,883 [WARN] PackLoader:240 - Cannot read IP mode file for STMicroelectronics.X-CUBE-SUBG2.5.0.0
2026-03-21 17:17:24,894 [WARN] PackLoader:240 - Cannot read IP mode file for STMicroelectronics.X-CUBE-AZRTOS-G4.2.0.0
2026-03-21 17:17:24,904 [WARN] PackLoader:240 - Cannot read IP mode file for wolfSSL.I-CUBE-wolfSSH.1.4.20
2026-03-21 17:17:24,907 [WARN] PackLoader:240 - Cannot read IP mode file for STMicroelectronics.X-CUBE-NFC7.2.0.0
2026-03-21 17:17:24,912 [WARN] PackLoader:240 - Cannot read IP mode file for STMicroelectronics.X-CUBE-ALS.1.0.2
2026-03-21 17:17:24,918 [WARN] PackLoader:240 - Cannot read IP mode file for STMicroelectronics.X-CUBE-TOF1.3.4.3
2026-03-21 17:17:24,926 [INFO] ThirdParty:978 - Integrity check success = true
2026-03-21 17:17:24,926 [INFO] IntegrityCheckThread:100 - exiting critical section [integrity check]
2026-03-21 17:17:24,926 [INFO] IntegrityCheckThread:103 - End integrity checks thread
2026-03-21 17:17:25,321 [ERROR] LogOutputStream:75 - [STDERR_REDIRECT] [Fatal Error] :1:1: Premature end of file.
2026-03-21 17:17:25,321 [ERROR] LogOutputStream:75 - [STDERR_REDIRECT] 
2026-03-21 17:17:26,315 [ERROR] LogOutputStream:75 - [STDERR_REDIRECT] [Fatal Error] :1:1: Premature end of file.
2026-03-21 17:17:26,316 [ERROR] LogOutputStream:75 - [STDERR_REDIRECT] 
2026-03-21 17:17:27,316 [ERROR] LogOutputStream:75 - [STDERR_REDIRECT] [Fatal Error] :1:1: Premature end of file.
2026-03-21 17:17:27,316 [ERROR] LogOutputStream:75 - [STDERR_REDIRECT] 
2026-03-21 17:17:28,318 [ERROR] LogOutputStream:75 - [STDERR_REDIRECT] [Fatal Error] :1:1: Premature end of file.
2026-03-21 17:17:28,319 [ERROR] LogOutputStream:75 - [STDERR_REDIRECT] 
2026-03-21 17:17:29,316 [ERROR] LogOutputStream:75 - [STDERR_REDIRECT] [Fatal Error] :1:1: Premature end of file.
2026-03-21 17:17:29,317 [ERROR] LogOutputStream:75 - [STDERR_REDIRECT] 
2026-03-21 17:17:30,314 [ERROR] LogOutputStream:75 - [STDERR_REDIRECT] [Fatal Error] :1:1: Premature end of file.
2026-03-21 17:17:30,314 [ERROR] LogOutputStream:75 - [STDERR_REDIRECT] 
2026-03-21 17:17:31,319 [ERROR] LogOutputStream:75 - [STDERR_REDIRECT] [Fatal Error] :1:1: Premature end of file.
2026-03-21 17:17:31,319 [ERROR] LogOutputStream:75 - [STDERR_REDIRECT] 
2026-03-21 17:17:32,316 [ERROR] LogOutputStream:75 - [STDERR_REDIRECT] [Fatal Error] :1:1: Premature end of file.
2026-03-21 17:17:32,317 [ERROR] LogOutputStream:75 - [STDERR_REDIRECT] 
2026-03-21 17:17:33,316 [ERROR] LogOutputStream:75 - [STDERR_REDIRECT] [Fatal Error] :1:1: Premature end of file.
2026-03-21 17:17:33,316 [ERROR] LogOutputStream:75 - [STDERR_REDIRECT] 
2026-03-21 17:17:34,317 [ERROR] LogOutputStream:75 - [STDERR_REDIRECT] [Fatal Error] :1:1: Premature end of file.
2026-03-21 17:17:34,317 [ERROR] LogOutputStream:75 - [STDERR_REDIRECT] 
2026-03-21 17:17:35,315 [ERROR] LogOutputStream:75 - [STDERR_REDIRECT] [Fatal Error] :1:1: Premature end of file.
2026-03-21 17:17:35,316 [ERROR] LogOutputStream:75 - [STDERR_REDIRECT] 
2026-03-21 17:17:36,316 [ERROR] LogOutputStream:75 - [STDERR_REDIRECT] [Fatal Error] :1:1: Premature end of file.
2026-03-21 17:17:36,316 [ERROR] LogOutputStream:75 - [STDERR_REDIRECT] 
2026-03-21 17:17:37,329 [ERROR] LogOutputStream:75 - [STDERR_REDIRECT] [Fatal Error] :1:1: Premature end of file.
2026-03-21 17:17:37,330 [ERROR] LogOutputStream:75 - [STDERR_REDIRECT] 
2026-03-21 17:17:38,315 [ERROR] LogOutputStream:75 - [STDERR_REDIRECT] [Fatal Error] :1:1: Premature end of file.
2026-03-21 17:17:38,317 [ERROR] LogOutputStream:75 - [STDERR_REDIRECT] 
2026-03-21 17:17:39,315 [ERROR] LogOutputStream:75 - [STDERR_REDIRECT] [Fatal Error] :1:1: Premature end of file.
2026-03-21 17:17:39,315 [ERROR] LogOutputStream:75 - [STDERR_REDIRECT] 
2026-03-21 17:17:40,315 [ERROR] LogOutputStream:75 - [STDERR_REDIRECT] [Fatal Error] :1:1: Premature end of file.
2026-03-21 17:17:40,315 [ERROR] LogOutputStream:75 - [STDERR_REDIRECT] 
2026-03-21 17:17:41,316 [ERROR] LogOutputStream:75 - [STDERR_REDIRECT] [Fatal Error] :1:1: Premature end of file.
2026-03-21 17:17:41,316 [ERROR] LogOutputStream:75 - [STDERR_REDIRECT] 
2026-03-21 17:17:42,317 [ERROR] LogOutputStream:75 - [STDERR_REDIRECT] [Fatal Error] :1:1: Premature end of file.
2026-03-21 17:17:42,317 [ERROR] LogOutputStream:75 - [STDERR_REDIRECT] 
2026-03-21 17:17:43,321 [ERROR] LogOutputStream:75 - [STDERR_REDIRECT] [Fatal Error] :1:1: Premature end of file.
2026-03-21 17:17:43,321 [ERROR] LogOutputStream:75 - [STDERR_REDIRECT] 
2026-03-21 17:17:44,317 [ERROR] LogOutputStream:75 - [STDERR_REDIRECT] [Fatal Error] :1:1: Premature end of file.
2026-03-21 17:17:44,317 [ERROR] LogOutputStream:75 - [STDERR_REDIRECT] 
2026-03-21 17:17:45,320 [ERROR] LogOutputStream:75 - [STDERR_REDIRECT] [Fatal Error] :1:1: Premature end of file.
2026-03-21 17:17:45,320 [ERROR] LogOutputStream:75 - [STDERR_REDIRECT] 
2026-03-21 17:17:46,318 [ERROR] LogOutputStream:75 - [STDERR_REDIRECT] [Fatal Error] :1:1: Premature end of file.
2026-03-21 17:17:46,318 [ERROR] LogOutputStream:75 - [STDERR_REDIRECT] 
2026-03-21 17:17:47,320 [ERROR] LogOutputStream:75 - [STDERR_REDIRECT] [Fatal Error] :1:1: Premature end of file.
2026-03-21 17:17:47,320 [ERROR] LogOutputStream:75 - [STDERR_REDIRECT] 
2026-03-21 17:17:48,318 [ERROR] LogOutputStream:75 - [STDERR_REDIRECT] [Fatal Error] :1:1: Premature end of file.
2026-03-21 17:17:48,318 [ERROR] LogOutputStream:75 - [STDERR_REDIRECT] 
2026-03-21 17:17:49,320 [ERROR] LogOutputStream:75 - [STDERR_REDIRECT] [Fatal Error] :1:1: Premature end of file.
2026-03-21 17:17:49,321 [ERROR] LogOutputStream:75 - [STDERR_REDIRECT] 
2026-03-21 17:17:50,315 [ERROR] LogOutputStream:75 - [STDERR_REDIRECT] [Fatal Error] :1:1: Premature end of file.
2026-03-21 17:17:50,316 [ERROR] LogOutputStream:75 - [STDERR_REDIRECT] 
2026-03-21 17:17:51,316 [ERROR] LogOutputStream:75 - [STDERR_REDIRECT] [Fatal Error] :1:1: Premature end of file.
2026-03-21 17:17:51,316 [ERROR] LogOutputStream:75 - [STDERR_REDIRECT] 
2026-03-21 17:17:52,324 [ERROR] LogOutputStream:75 - [STDERR_REDIRECT] [Fatal Error] :1:1: Premature end of file.
2026-03-21 17:17:52,324 [ERROR] LogOutputStream:75 - [STDERR_REDIRECT] 
2026-03-21 17:17:53,315 [ERROR] LogOutputStream:75 - [STDERR_REDIRECT] [Fatal Error] :1:1: Premature end of file.
2026-03-21 17:17:53,315 [ERROR] LogOutputStream:75 - [STDERR_REDIRECT] 
2026-03-21 17:17:54,315 [ERROR] LogOutputStream:75 - [STDERR_REDIRECT] [Fatal Error] :1:1: Premature end of file.
2026-03-21 17:17:54,315 [ERROR] LogOutputStream:75 - [STDERR_REDIRECT] 
2026-03-21 17:17:55,317 [ERROR] LogOutputStream:75 - [STDERR_REDIRECT] [Fatal Error] :1:1: Premature end of file.
2026-03-21 17:17:55,317 [ERROR] LogOutputStream:75 - [STDERR_REDIRECT] 
2026-03-21 17:17:56,334 [ERROR] LogOutputStream:75 - [STDERR_REDIRECT] [Fatal Error] :1:1: Premature end of file.
2026-03-21 17:17:56,335 [ERROR] LogOutputStream:75 - [STDERR_REDIRECT] 
2026-03-21 17:17:57,316 [ERROR] LogOutputStream:75 - [STDERR_REDIRECT] [Fatal Error] :1:1: Premature end of file.
2026-03-21 17:17:57,316 [ERROR] LogOutputStream:75 - [STDERR_REDIRECT] 
2026-03-21 17:17:58,315 [ERROR] LogOutputStream:75 - [STDERR_REDIRECT] [Fatal Error] :1:1: Premature end of file.
2026-03-21 17:17:58,315 [ERROR] LogOutputStream:75 - [STDERR_REDIRECT] 
2026-03-21 17:17:59,317 [ERROR] LogOutputStream:75 - [STDERR_REDIRECT] [Fatal Error] :1:1: Premature end of file.
2026-03-21 17:17:59,317 [ERROR] LogOutputStream:75 - [STDERR_REDIRECT] 
2026-03-21 17:18:00,315 [ERROR] LogOutputStream:75 - [STDERR_REDIRECT] [Fatal Error] :1:1: Premature end of file.
2026-03-21 17:18:00,315 [ERROR] LogOutputStream:75 - [STDERR_REDIRECT] 
2026-03-21 17:18:01,317 [ERROR] LogOutputStream:75 - [STDERR_REDIRECT] [Fatal Error] :1:1: Premature end of file.
2026-03-21 17:18:01,317 [ERROR] LogOutputStream:75 - [STDERR_REDIRECT] 
2026-03-21 17:18:02,317 [ERROR] LogOutputStream:75 - [STDERR_REDIRECT] [Fatal Error] :1:1: Premature end of file.
2026-03-21 17:18:02,318 [ERROR] LogOutputStream:75 - [STDERR_REDIRECT] 
2026-03-21 17:18:03,318 [ERROR] LogOutputStream:75 - [STDERR_REDIRECT] [Fatal Error] :1:1: Premature end of file.
2026-03-21 17:18:03,318 [ERROR] LogOutputStream:75 - [STDERR_REDIRECT] 
2026-03-21 17:18:04,318 [ERROR] LogOutputStream:75 - [STDERR_REDIRECT] [Fatal Error] :1:1: Premature end of file.
2026-03-21 17:18:04,319 [ERROR] LogOutputStream:75 - [STDERR_REDIRECT] 
2026-03-21 17:18:05,319 [ERROR] LogOutputStream:75 - [STDERR_REDIRECT] [Fatal Error] :1:1: Premature end of file.
2026-03-21 17:18:05,319 [ERROR] LogOutputStream:75 - [STDERR_REDIRECT] 
2026-03-21 17:18:06,319 [ERROR] LogOutputStream:75 - [STDERR_REDIRECT] [Fatal Error] :1:1: Premature end of file.
2026-03-21 17:18:06,319 [ERROR] LogOutputStream:75 - [STDERR_REDIRECT] 
2026-03-21 17:18:07,316 [ERROR] LogOutputStream:75 - [STDERR_REDIRECT] [Fatal Error] :1:1: Premature end of file.
2026-03-21 17:18:07,316 [ERROR] LogOutputStream:75 - [STDERR_REDIRECT] 
2026-03-21 17:18:08,317 [ERROR] LogOutputStream:75 - [STDERR_REDIRECT] [Fatal Error] :1:1: Premature end of file.
2026-03-21 17:18:08,317 [ERROR] LogOutputStream:75 - [STDERR_REDIRECT] 
2026-03-21 17:18:09,317 [ERROR] LogOutputStream:75 - [STDERR_REDIRECT] [Fatal Error] :1:1: Premature end of file.
2026-03-21 17:18:09,317 [ERROR] LogOutputStream:75 - [STDERR_REDIRECT] 
2026-03-21 17:18:10,319 [ERROR] LogOutputStream:75 - [STDERR_REDIRECT] [Fatal Error] :1:1: Premature end of file.
2026-03-21 17:18:10,319 [ERROR] LogOutputStream:75 - [STDERR_REDIRECT] 
2026-03-21 17:18:11,317 [ERROR] LogOutputStream:75 - [STDERR_REDIRECT] [Fatal Error] :1:1: Premature end of file.
2026-03-21 17:18:11,317 [ERROR] LogOutputStream:75 - [STDERR_REDIRECT] 
2026-03-21 17:18:12,318 [ERROR] LogOutputStream:75 - [STDERR_REDIRECT] [Fatal Error] :1:1: Premature end of file.
2026-03-21 17:18:12,320 [ERROR] LogOutputStream:75 - [STDERR_REDIRECT] 
2026-03-21 17:18:13,317 [ERROR] LogOutputStream:75 - [STDERR_REDIRECT] [Fatal Error] :1:1: Premature end of file.
2026-03-21 17:18:13,317 [ERROR] LogOutputStream:75 - [STDERR_REDIRECT] 
2026-03-21 17:18:14,315 [ERROR] LogOutputStream:75 - [STDERR_REDIRECT] [Fatal Error] :1:1: Premature end of file.
2026-03-21 17:18:14,315 [ERROR] LogOutputStream:75 - [STDERR_REDIRECT] 
2026-03-21 17:18:15,315 [ERROR] LogOutputStream:75 - [STDERR_REDIRECT] [Fatal Error] :1:1: Premature end of file.
2026-03-21 17:18:15,317 [ERROR] LogOutputStream:75 - [STDERR_REDIRECT] 
2026-03-21 17:18:16,316 [ERROR] LogOutputStream:75 - [STDERR_REDIRECT] [Fatal Error] :1:1: Premature end of file.
2026-03-21 17:18:16,318 [ERROR] LogOutputStream:75 - [STDERR_REDIRECT] 
2026-03-21 17:18:17,319 [ERROR] LogOutputStream:75 - [STDERR_REDIRECT] [Fatal Error] :1:1: Premature end of file.
2026-03-21 17:18:17,319 [ERROR] LogOutputStream:75 - [STDERR_REDIRECT] 
2026-03-21 17:18:18,317 [ERROR] LogOutputStream:75 - [STDERR_REDIRECT] [Fatal Error] :1:1: Premature end of file.
2026-03-21 17:18:18,318 [ERROR] LogOutputStream:75 - [STDERR_REDIRECT] 
2026-03-21 17:18:19,315 [ERROR] LogOutputStream:75 - [STDERR_REDIRECT] [Fatal Error] :1:1: Premature end of file.
2026-03-21 17:18:19,317 [ERROR] LogOutputStream:75 - [STDERR_REDIRECT] 
2026-03-21 17:18:20,315 [ERROR] LogOutputStream:75 - [STDERR_REDIRECT] [Fatal Error] :1:1: Premature end of file.
2026-03-21 17:18:20,315 [ERROR] LogOutputStream:75 - [STDERR_REDIRECT] 
2026-03-21 17:18:21,316 [ERROR] LogOutputStream:75 - [STDERR_REDIRECT] [Fatal Error] :1:1: Premature end of file.
2026-03-21 17:18:21,316 [ERROR] LogOutputStream:75 - [STDERR_REDIRECT] 
2026-03-21 17:18:22,317 [ERROR] LogOutputStream:75 - [STDERR_REDIRECT] [Fatal Error] :1:1: Premature end of file.
2026-03-21 17:18:22,317 [ERROR] LogOutputStream:75 - [STDERR_REDIRECT] 
2026-03-21 17:18:23,315 [ERROR] LogOutputStream:75 - [STDERR_REDIRECT] [Fatal Error] :1:1: Premature end of file.
2026-03-21 17:18:23,315 [ERROR] LogOutputStream:75 - [STDERR_REDIRECT] 
2026-03-21 17:18:24,317 [ERROR] LogOutputStream:75 - [STDERR_REDIRECT] [Fatal Error] :1:1: Premature end of file.
2026-03-21 17:18:24,318 [ERROR] LogOutputStream:75 - [STDERR_REDIRECT] 
2026-03-21 17:18:25,316 [ERROR] LogOutputStream:75 - [STDERR_REDIRECT] [Fatal Error] :1:1: Premature end of file.
2026-03-21 17:18:25,316 [ERROR] LogOutputStream:75 - [STDERR_REDIRECT] 
2026-03-21 17:18:26,316 [ERROR] LogOutputStream:75 - [STDERR_REDIRECT] [Fatal Error] :1:1: Premature end of file.
2026-03-21 17:18:26,317 [ERROR] LogOutputStream:75 - [STDERR_REDIRECT] 
2026-03-21 17:18:27,315 [ERROR] LogOutputStream:75 - [STDERR_REDIRECT] [Fatal Error] :1:1: Premature end of file.
2026-03-21 17:18:27,315 [ERROR] LogOutputStream:75 - [STDERR_REDIRECT] 
2026-03-21 17:18:28,316 [ERROR] LogOutputStream:75 - [STDERR_REDIRECT] [Fatal Error] :1:1: Premature end of file.
2026-03-21 17:18:28,316 [ERROR] LogOutputStream:75 - [STDERR_REDIRECT] 
2026-03-21 17:18:29,316 [ERROR] LogOutputStream:75 - [STDERR_REDIRECT] [Fatal Error] :1:1: Premature end of file.
2026-03-21 17:18:29,316 [ERROR] LogOutputStream:75 - [STDERR_REDIRECT] 
2026-03-21 17:18:30,316 [ERROR] LogOutputStream:75 - [STDERR_REDIRECT] [Fatal Error] :1:1: Premature end of file.
2026-03-21 17:18:30,316 [ERROR] LogOutputStream:75 - [STDERR_REDIRECT] 
2026-03-21 17:18:31,316 [ERROR] LogOutputStream:75 - [STDERR_REDIRECT] [Fatal Error] :1:1: Premature end of file.
2026-03-21 17:18:31,316 [ERROR] LogOutputStream:75 - [STDERR_REDIRECT] 
2026-03-21 17:18:32,317 [ERROR] LogOutputStream:75 - [STDERR_REDIRECT] [Fatal Error] :1:1: Premature end of file.
2026-03-21 17:18:32,317 [ERROR] LogOutputStream:75 - [STDERR_REDIRECT] 
2026-03-21 17:18:33,315 [ERROR] LogOutputStream:75 - [STDERR_REDIRECT] [Fatal Error] :1:1: Premature end of file.
2026-03-21 17:18:33,315 [ERROR] LogOutputStream:75 - [STDERR_REDIRECT] 
2026-03-21 17:18:34,317 [ERROR] LogOutputStream:75 - [STDERR_REDIRECT] [Fatal Error] :1:1: Premature end of file.
2026-03-21 17:18:34,317 [ERROR] LogOutputStream:75 - [STDERR_REDIRECT] 
2026-03-21 17:18:35,315 [ERROR] LogOutputStream:75 - [STDERR_REDIRECT] [Fatal Error] :1:1: Premature end of file.
2026-03-21 17:18:35,315 [ERROR] LogOutputStream:75 - [STDERR_REDIRECT] 
2026-03-21 17:18:36,316 [ERROR] LogOutputStream:75 - [STDERR_REDIRECT] [Fatal Error] :1:1: Premature end of file.
2026-03-21 17:18:36,316 [ERROR] LogOutputStream:75 - [STDERR_REDIRECT] 
2026-03-21 17:18:37,317 [ERROR] LogOutputStream:75 - [STDERR_REDIRECT] [Fatal Error] :1:1: Premature end of file.
2026-03-21 17:18:37,317 [ERROR] LogOutputStream:75 - [STDERR_REDIRECT] 
2026-03-21 17:18:38,317 [ERROR] LogOutputStream:75 - [STDERR_REDIRECT] [Fatal Error] :1:1: Premature end of file.
2026-03-21 17:18:38,317 [ERROR] LogOutputStream:75 - [STDERR_REDIRECT] 
2026-03-21 17:18:39,315 [ERROR] LogOutputStream:75 - [STDERR_REDIRECT] [Fatal Error] :1:1: Premature end of file.
2026-03-21 17:18:39,315 [ERROR] LogOutputStream:75 - [STDERR_REDIRECT] 
2026-03-21 17:18:40,316 [ERROR] LogOutputStream:75 - [STDERR_REDIRECT] [Fatal Error] :1:1: Premature end of file.
2026-03-21 17:18:40,316 [ERROR] LogOutputStream:75 - [STDERR_REDIRECT] 
2026-03-21 17:18:41,315 [ERROR] LogOutputStream:75 - [STDERR_REDIRECT] [Fatal Error] :1:1: Premature end of file.
2026-03-21 17:18:41,315 [ERROR] LogOutputStream:75 - [STDERR_REDIRECT] 
2026-03-21 17:18:42,316 [ERROR] LogOutputStream:75 - [STDERR_REDIRECT] [Fatal Error] :1:1: Premature end of file.
2026-03-21 17:18:42,316 [ERROR] LogOutputStream:75 - [STDERR_REDIRECT] 
2026-03-21 17:18:43,315 [ERROR] LogOutputStream:75 - [STDERR_REDIRECT] [Fatal Error] :1:1: Premature end of file.
2026-03-21 17:18:43,315 [ERROR] LogOutputStream:75 - [STDERR_REDIRECT] 
2026-03-21 17:18:44,316 [ERROR] LogOutputStream:75 - [STDERR_REDIRECT] [Fatal Error] :1:1: Premature end of file.
2026-03-21 17:18:44,316 [ERROR] LogOutputStream:75 - [STDERR_REDIRECT] 
2026-03-21 17:18:45,315 [ERROR] LogOutputStream:75 - [STDERR_REDIRECT] [Fatal Error] :1:1: Premature end of file.
2026-03-21 17:18:45,315 [ERROR] LogOutputStream:75 - [STDERR_REDIRECT] 
2026-03-21 17:18:46,317 [ERROR] LogOutputStream:75 - [STDERR_REDIRECT] [Fatal Error] :1:1: Premature end of file.
2026-03-21 17:18:46,317 [ERROR] LogOutputStream:75 - [STDERR_REDIRECT] 
2026-03-21 17:18:47,315 [ERROR] LogOutputStream:75 - [STDERR_REDIRECT] [Fatal Error] :1:1: Premature end of file.
2026-03-21 17:18:47,315 [ERROR] LogOutputStream:75 - [STDERR_REDIRECT] 
2026-03-21 17:18:48,315 [ERROR] LogOutputStream:75 - [STDERR_REDIRECT] [Fatal Error] :1:1: Premature end of file.
2026-03-21 17:18:48,315 [ERROR] LogOutputStream:75 - [STDERR_REDIRECT] 
2026-03-21 17:18:49,318 [ERROR] LogOutputStream:75 - [STDERR_REDIRECT] [Fatal Error] :1:1: Premature end of file.
2026-03-21 17:18:49,318 [ERROR] LogOutputStream:75 - [STDERR_REDIRECT] 
2026-03-21 17:18:50,315 [ERROR] LogOutputStream:75 - [STDERR_REDIRECT] [Fatal Error] :1:1: Premature end of file.
2026-03-21 17:18:50,315 [ERROR] LogOutputStream:75 - [STDERR_REDIRECT] 
2026-03-21 17:18:51,316 [ERROR] LogOutputStream:75 - [STDERR_REDIRECT] [Fatal Error] :1:1: Premature end of file.
2026-03-21 17:18:51,316 [ERROR] LogOutputStream:75 - [STDERR_REDIRECT] 
2026-03-21 17:18:52,317 [ERROR] LogOutputStream:75 - [STDERR_REDIRECT] [Fatal Error] :1:1: Premature end of file.
2026-03-21 17:18:52,317 [ERROR] LogOutputStream:75 - [STDERR_REDIRECT] 
2026-03-21 17:18:53,315 [ERROR] LogOutputStream:75 - [STDERR_REDIRECT] [Fatal Error] :1:1: Premature end of file.
2026-03-21 17:18:53,315 [ERROR] LogOutputStream:75 - [STDERR_REDIRECT] 
2026-03-21 17:18:54,316 [ERROR] LogOutputStream:75 - [STDERR_REDIRECT] [Fatal Error] :1:1: Premature end of file.
2026-03-21 17:18:54,316 [ERROR] LogOutputStream:75 - [STDERR_REDIRECT] 
2026-03-21 17:18:55,315 [ERROR] LogOutputStream:75 - [STDERR_REDIRECT] [Fatal Error] :1:1: Premature end of file.
2026-03-21 17:18:55,315 [ERROR] LogOutputStream:75 - [STDERR_REDIRECT] 
2026-03-21 17:18:56,317 [ERROR] LogOutputStream:75 - [STDERR_REDIRECT] [Fatal Error] :1:1: Premature end of file.
2026-03-21 17:18:56,317 [ERROR] LogOutputStream:75 - [STDERR_REDIRECT] 
2026-03-21 17:18:57,317 [ERROR] LogOutputStream:75 - [STDERR_REDIRECT] [Fatal Error] :1:1: Premature end of file.
2026-03-21 17:18:57,317 [ERROR] LogOutputStream:75 - [STDERR_REDIRECT] 
2026-03-21 17:18:58,317 [ERROR] LogOutputStream:75 - [STDERR_REDIRECT] [Fatal Error] :1:1: Premature end of file.
2026-03-21 17:18:58,317 [ERROR] LogOutputStream:75 - [STDERR_REDIRECT] 
2026-03-21 17:18:59,316 [ERROR] LogOutputStream:75 - [STDERR_REDIRECT] [Fatal Error] :1:1: Premature end of file.
2026-03-21 17:18:59,316 [ERROR] LogOutputStream:75 - [STDERR_REDIRECT] 
2026-03-21 17:19:00,315 [ERROR] LogOutputStream:75 - [STDERR_REDIRECT] [Fatal Error] :1:1: Premature end of file.
2026-03-21 17:19:00,315 [ERROR] LogOutputStream:75 - [STDERR_REDIRECT] 
2026-03-21 17:19:01,316 [ERROR] LogOutputStream:75 - [STDERR_REDIRECT] [Fatal Error] :1:1: Premature end of file.
2026-03-21 17:19:01,316 [ERROR] LogOutputStream:75 - [STDERR_REDIRECT] 
2026-03-21 17:19:02,317 [ERROR] LogOutputStream:75 - [STDERR_REDIRECT] [Fatal Error] :1:1: Premature end of file.
2026-03-21 17:19:02,317 [ERROR] LogOutputStream:75 - [STDERR_REDIRECT] 
2026-03-21 17:19:03,317 [ERROR] LogOutputStream:75 - [STDERR_REDIRECT] [Fatal Error] :1:1: Premature end of file.
2026-03-21 17:19:03,317 [ERROR] LogOutputStream:75 - [STDERR_REDIRECT] 
2026-03-21 17:19:04,317 [ERROR] LogOutputStream:75 - [STDERR_REDIRECT] [Fatal Error] :1:1: Premature end of file.
2026-03-21 17:19:04,317 [ERROR] LogOutputStream:75 - [STDERR_REDIRECT] 
2026-03-21 17:19:05,315 [ERROR] LogOutputStream:75 - [STDERR_REDIRECT] [Fatal Error] :1:1: Premature end of file.
2026-03-21 17:19:05,315 [ERROR] LogOutputStream:75 - [STDERR_REDIRECT] 
2026-03-21 17:19:06,316 [ERROR] LogOutputStream:75 - [STDERR_REDIRECT] [Fatal Error] :1:1: Premature end of file.
2026-03-21 17:19:06,316 [ERROR] LogOutputStream:75 - [STDERR_REDIRECT] 
2026-03-21 17:19:07,314 [ERROR] LogOutputStream:75 - [STDERR_REDIRECT] [Fatal Error] :1:1: Premature end of file.
2026-03-21 17:19:07,315 [ERROR] LogOutputStream:75 - [STDERR_REDIRECT] 
2026-03-21 17:19:08,316 [ERROR] LogOutputStream:75 - [STDERR_REDIRECT] [Fatal Error] :1:1: Premature end of file.
2026-03-21 17:19:08,316 [ERROR] LogOutputStream:75 - [STDERR_REDIRECT] 
2026-03-21 17:19:09,316 [ERROR] LogOutputStream:75 - [STDERR_REDIRECT] [Fatal Error] :1:1: Premature end of file.
2026-03-21 17:19:09,316 [ERROR] LogOutputStream:75 - [STDERR_REDIRECT] 
2026-03-21 17:19:10,315 [ERROR] LogOutputStream:75 - [STDERR_REDIRECT] [Fatal Error] :1:1: Premature end of file.
2026-03-21 17:19:10,315 [ERROR] LogOutputStream:75 - [STDERR_REDIRECT] 
2026-03-21 17:19:11,315 [ERROR] LogOutputStream:75 - [STDERR_REDIRECT] [Fatal Error] :1:1: Premature end of file.
2026-03-21 17:19:11,315 [ERROR] LogOutputStream:75 - [STDERR_REDIRECT] 
2026-03-21 17:19:12,317 [ERROR] LogOutputStream:75 - [STDERR_REDIRECT] [Fatal Error] :1:1: Premature end of file.
2026-03-21 17:19:12,317 [ERROR] LogOutputStream:75 - [STDERR_REDIRECT] 
2026-03-21 17:19:13,314 [ERROR] LogOutputStream:75 - [STDERR_REDIRECT] [Fatal Error] :1:1: Premature end of file.
2026-03-21 17:19:13,314 [ERROR] LogOutputStream:75 - [STDERR_REDIRECT] 
2026-03-21 17:19:14,316 [ERROR] LogOutputStream:75 - [STDERR_REDIRECT] [Fatal Error] :1:1: Premature end of file.
2026-03-21 17:19:14,316 [ERROR] LogOutputStream:75 - [STDERR_REDIRECT] 
2026-03-21 17:19:15,316 [ERROR] LogOutputStream:75 - [STDERR_REDIRECT] [Fatal Error] :1:1: Premature end of file.
2026-03-21 17:19:15,316 [ERROR] LogOutputStream:75 - [STDERR_REDIRECT] 
2026-03-21 17:19:16,317 [ERROR] LogOutputStream:75 - [STDERR_REDIRECT] [Fatal Error] :1:1: Premature end of file.
2026-03-21 17:19:16,317 [ERROR] LogOutputStream:75 - [STDERR_REDIRECT] 
2026-03-21 17:19:17,314 [ERROR] LogOutputStream:75 - [STDERR_REDIRECT] [Fatal Error] :1:1: Premature end of file.
2026-03-21 17:19:17,314 [ERROR] LogOutputStream:75 - [STDERR_REDIRECT] 
2026-03-21 17:19:18,316 [ERROR] LogOutputStream:75 - [STDERR_REDIRECT] [Fatal Error] :1:1: Premature end of file.
2026-03-21 17:19:18,316 [ERROR] LogOutputStream:75 - [STDERR_REDIRECT] 
2026-03-21 17:19:19,314 [ERROR] LogOutputStream:75 - [STDERR_REDIRECT] [Fatal Error] :1:1: Premature end of file.
2026-03-21 17:19:19,314 [ERROR] LogOutputStream:75 - [STDERR_REDIRECT] 
2026-03-21 17:19:20,316 [ERROR] LogOutputStream:75 - [STDERR_REDIRECT] [Fatal Error] :1:1: Premature end of file.
2026-03-21 17:19:20,316 [ERROR] LogOutputStream:75 - [STDERR_REDIRECT] 
2026-03-21 17:19:21,318 [ERROR] LogOutputStream:75 - [STDERR_REDIRECT] [Fatal Error] :1:1: Premature end of file.
2026-03-21 17:19:21,318 [ERROR] LogOutputStream:75 - [STDERR_REDIRECT] 
2026-03-21 17:19:22,318 [ERROR] LogOutputStream:75 - [STDERR_REDIRECT] [Fatal Error] :1:1: Premature end of file.
2026-03-21 17:19:22,318 [ERROR] LogOutputStream:75 - [STDERR_REDIRECT] 
2026-03-21 17:19:23,314 [ERROR] LogOutputStream:75 - [STDERR_REDIRECT] [Fatal Error] :1:1: Premature end of file.
2026-03-21 17:19:23,315 [ERROR] LogOutputStream:75 - [STDERR_REDIRECT] 
2026-03-21 17:19:24,317 [ERROR] LogOutputStream:75 - [STDERR_REDIRECT] [Fatal Error] :1:1: Premature end of file.
2026-03-21 17:19:24,317 [ERROR] LogOutputStream:75 - [STDERR_REDIRECT] 
2026-03-21 17:19:25,314 [ERROR] LogOutputStream:75 - [STDERR_REDIRECT] [Fatal Error] :1:1: Premature end of file.
2026-03-21 17:19:25,315 [ERROR] LogOutputStream:75 - [STDERR_REDIRECT] 
2026-03-21 17:19:26,317 [ERROR] LogOutputStream:75 - [STDERR_REDIRECT] [Fatal Error] :1:1: Premature end of file.
2026-03-21 17:19:26,317 [ERROR] LogOutputStream:75 - [STDERR_REDIRECT] 
2026-03-21 17:19:27,316 [ERROR] LogOutputStream:75 - [STDERR_REDIRECT] [Fatal Error] :1:1: Premature end of file.
2026-03-21 17:19:27,316 [ERROR] LogOutputStream:75 - [STDERR_REDIRECT] 
2026-03-21 17:19:28,315 [ERROR] LogOutputStream:75 - [STDERR_REDIRECT] [Fatal Error] :1:1: Premature end of file.
2026-03-21 17:19:28,315 [ERROR] LogOutputStream:75 - [STDERR_REDIRECT] 
2026-03-21 17:19:29,323 [ERROR] LogOutputStream:75 - [STDERR_REDIRECT] [Fatal Error] :1:1: Premature end of file.
2026-03-21 17:19:29,323 [ERROR] LogOutputStream:75 - [STDERR_REDIRECT] 
2026-03-21 17:19:30,314 [ERROR] LogOutputStream:75 - [STDERR_REDIRECT] [Fatal Error] :1:1: Premature end of file.
2026-03-21 17:19:30,315 [ERROR] LogOutputStream:75 - [STDERR_REDIRECT] 
2026-03-21 17:19:31,315 [ERROR] LogOutputStream:75 - [STDERR_REDIRECT] [Fatal Error] :1:1: Premature end of file.
2026-03-21 17:19:31,315 [ERROR] LogOutputStream:75 - [STDERR_REDIRECT] 
2026-03-21 17:19:32,318 [ERROR] LogOutputStream:75 - [STDERR_REDIRECT] [Fatal Error] :1:1: Premature end of file.
2026-03-21 17:19:32,318 [ERROR] LogOutputStream:75 - [STDERR_REDIRECT] 
2026-03-21 17:19:33,317 [ERROR] LogOutputStream:75 - [STDERR_REDIRECT] [Fatal Error] :1:1: Premature end of file.
2026-03-21 17:19:33,317 [ERROR] LogOutputStream:75 - [STDERR_REDIRECT] 
2026-03-21 17:19:34,316 [ERROR] LogOutputStream:75 - [STDERR_REDIRECT] [Fatal Error] :1:1: Premature end of file.
2026-03-21 17:19:34,316 [ERROR] LogOutputStream:75 - [STDERR_REDIRECT] 
2026-03-21 17:19:35,316 [ERROR] LogOutputStream:75 - [STDERR_REDIRECT] [Fatal Error] :1:1: Premature end of file.
2026-03-21 17:19:35,316 [ERROR] LogOutputStream:75 - [STDERR_REDIRECT] 
2026-03-21 17:19:36,316 [ERROR] LogOutputStream:75 - [STDERR_REDIRECT] [Fatal Error] :1:1: Premature end of file.
2026-03-21 17:19:36,316 [ERROR] LogOutputStream:75 - [STDERR_REDIRECT] 
2026-03-21 17:19:37,314 [ERROR] LogOutputStream:75 - [STDERR_REDIRECT] [Fatal Error] :1:1: Premature end of file.
2026-03-21 17:19:37,314 [ERROR] LogOutputStream:75 - [STDERR_REDIRECT] 
2026-03-21 17:19:38,317 [ERROR] LogOutputStream:75 - [STDERR_REDIRECT] [Fatal Error] :1:1: Premature end of file.
2026-03-21 17:19:38,317 [ERROR] LogOutputStream:75 - [STDERR_REDIRECT] 
2026-03-21 17:19:39,314 [ERROR] LogOutputStream:75 - [STDERR_REDIRECT] [Fatal Error] :1:1: Premature end of file.
2026-03-21 17:19:39,314 [ERROR] LogOutputStream:75 - [STDERR_REDIRECT] 
2026-03-21 17:19:40,315 [ERROR] LogOutputStream:75 - [STDERR_REDIRECT] [Fatal Error] :1:1: Premature end of file.
2026-03-21 17:19:40,316 [ERROR] LogOutputStream:75 - [STDERR_REDIRECT] 
2026-03-21 17:19:41,315 [ERROR] LogOutputStream:75 - [STDERR_REDIRECT] [Fatal Error] :1:1: Premature end of file.
2026-03-21 17:19:41,315 [ERROR] LogOutputStream:75 - [STDERR_REDIRECT] 
2026-03-21 17:19:42,317 [ERROR] LogOutputStream:75 - [STDERR_REDIRECT] [Fatal Error] :1:1: Premature end of file.
2026-03-21 17:19:42,317 [ERROR] LogOutputStream:75 - [STDERR_REDIRECT] 
2026-03-21 17:19:43,314 [ERROR] LogOutputStream:75 - [STDERR_REDIRECT] [Fatal Error] :1:1: Premature end of file.
2026-03-21 17:19:43,314 [ERROR] LogOutputStream:75 - [STDERR_REDIRECT] 
2026-03-21 17:19:44,316 [ERROR] LogOutputStream:75 - [STDERR_REDIRECT] [Fatal Error] :1:1: Premature end of file.
2026-03-21 17:19:44,316 [ERROR] LogOutputStream:75 - [STDERR_REDIRECT] 
2026-03-21 17:19:45,315 [ERROR] LogOutputStream:75 - [STDERR_REDIRECT] [Fatal Error] :1:1: Premature end of file.
2026-03-21 17:19:45,315 [ERROR] LogOutputStream:75 - [STDERR_REDIRECT] 
2026-03-21 17:19:46,316 [ERROR] LogOutputStream:75 - [STDERR_REDIRECT] [Fatal Error] :1:1: Premature end of file.
2026-03-21 17:19:46,316 [ERROR] LogOutputStream:75 - [STDERR_REDIRECT] 
2026-03-21 17:19:47,317 [ERROR] LogOutputStream:75 - [STDERR_REDIRECT] [Fatal Error] :1:1: Premature end of file.
2026-03-21 17:19:47,317 [ERROR] LogOutputStream:75 - [STDERR_REDIRECT] 
2026-03-21 17:19:48,314 [ERROR] LogOutputStream:75 - [STDERR_REDIRECT] [Fatal Error] :1:1: Premature end of file.
2026-03-21 17:19:48,314 [ERROR] LogOutputStream:75 - [STDERR_REDIRECT] 
2026-03-21 17:19:49,317 [ERROR] LogOutputStream:75 - [STDERR_REDIRECT] [Fatal Error] :1:1: Premature end of file.
2026-03-21 17:19:49,317 [ERROR] LogOutputStream:75 - [STDERR_REDIRECT] 
2026-03-21 17:19:50,315 [ERROR] LogOutputStream:75 - [STDERR_REDIRECT] [Fatal Error] :1:1: Premature end of file.
2026-03-21 17:19:50,316 [ERROR] LogOutputStream:75 - [STDERR_REDIRECT] 
2026-03-21 17:19:51,316 [ERROR] LogOutputStream:75 - [STDERR_REDIRECT] [Fatal Error] :1:1: Premature end of file.
2026-03-21 17:19:51,316 [ERROR] LogOutputStream:75 - [STDERR_REDIRECT] 
2026-03-21 17:19:52,315 [ERROR] LogOutputStream:75 - [STDERR_REDIRECT] [Fatal Error] :1:1: Premature end of file.
2026-03-21 17:19:52,315 [ERROR] LogOutputStream:75 - [STDERR_REDIRECT] 
2026-03-21 17:19:53,315 [ERROR] LogOutputStream:75 - [STDERR_REDIRECT] [Fatal Error] :1:1: Premature end of file.
2026-03-21 17:19:53,315 [ERROR] LogOutputStream:75 - [STDERR_REDIRECT] 
2026-03-21 17:19:54,315 [ERROR] LogOutputStream:75 - [STDERR_REDIRECT] [Fatal Error] :1:1: Premature end of file.
2026-03-21 17:19:54,315 [ERROR] LogOutputStream:75 - [STDERR_REDIRECT] 
2026-03-21 17:19:55,317 [ERROR] LogOutputStream:75 - [STDERR_REDIRECT] [Fatal Error] :1:1: Premature end of file.
2026-03-21 17:19:55,317 [ERROR] LogOutputStream:75 - [STDERR_REDIRECT] 
2026-03-21 17:19:56,314 [ERROR] LogOutputStream:75 - [STDERR_REDIRECT] [Fatal Error] :1:1: Premature end of file.
2026-03-21 17:19:56,314 [ERROR] LogOutputStream:75 - [STDERR_REDIRECT] 
2026-03-21 17:19:57,316 [ERROR] LogOutputStream:75 - [STDERR_REDIRECT] [Fatal Error] :1:1: Premature end of file.
2026-03-21 17:19:57,316 [ERROR] LogOutputStream:75 - [STDERR_REDIRECT] 
2026-03-21 17:19:58,314 [ERROR] LogOutputStream:75 - [STDERR_REDIRECT] [Fatal Error] :1:1: Premature end of file.
2026-03-21 17:19:58,314 [ERROR] LogOutputStream:75 - [STDERR_REDIRECT] 
2026-03-21 17:19:59,314 [ERROR] LogOutputStream:75 - [STDERR_REDIRECT] [Fatal Error] :1:1: Premature end of file.
2026-03-21 17:19:59,314 [ERROR] LogOutputStream:75 - [STDERR_REDIRECT] 
2026-03-21 17:20:00,317 [ERROR] LogOutputStream:75 - [STDERR_REDIRECT] [Fatal Error] :1:1: Premature end of file.
2026-03-21 17:20:00,317 [ERROR] LogOutputStream:75 - [STDERR_REDIRECT] 
2026-03-21 17:20:01,315 [ERROR] LogOutputStream:75 - [STDERR_REDIRECT] [Fatal Error] :1:1: Premature end of file.
2026-03-21 17:20:01,315 [ERROR] LogOutputStream:75 - [STDERR_REDIRECT] 
2026-03-21 17:20:02,315 [ERROR] LogOutputStream:75 - [STDERR_REDIRECT] [Fatal Error] :1:1: Premature end of file.
2026-03-21 17:20:02,315 [ERROR] LogOutputStream:75 - [STDERR_REDIRECT] 
2026-03-21 17:20:03,316 [ERROR] LogOutputStream:75 - [STDERR_REDIRECT] [Fatal Error] :1:1: Premature end of file.
2026-03-21 17:20:03,317 [ERROR] LogOutputStream:75 - [STDERR_REDIRECT] 
2026-03-21 17:20:04,314 [ERROR] LogOutputStream:75 - [STDERR_REDIRECT] [Fatal Error] :1:1: Premature end of file.
2026-03-21 17:20:04,314 [ERROR] LogOutputStream:75 - [STDERR_REDIRECT] 
2026-03-21 17:20:05,314 [ERROR] LogOutputStream:75 - [STDERR_REDIRECT] [Fatal Error] :1:1: Premature end of file.
2026-03-21 17:20:05,314 [ERROR] LogOutputStream:75 - [STDERR_REDIRECT] 
2026-03-21 17:20:06,314 [ERROR] LogOutputStream:75 - [STDERR_REDIRECT] [Fatal Error] :1:1: Premature end of file.
2026-03-21 17:20:06,314 [ERROR] LogOutputStream:75 - [STDERR_REDIRECT] 
2026-03-21 17:20:07,314 [ERROR] LogOutputStream:75 - [STDERR_REDIRECT] [Fatal Error] :1:1: Premature end of file.
2026-03-21 17:20:07,314 [ERROR] LogOutputStream:75 - [STDERR_REDIRECT] 
2026-03-21 17:20:08,316 [ERROR] LogOutputStream:75 - [STDERR_REDIRECT] [Fatal Error] :1:1: Premature end of file.
2026-03-21 17:20:08,318 [ERROR] LogOutputStream:75 - [STDERR_REDIRECT] 
2026-03-21 17:20:09,316 [ERROR] LogOutputStream:75 - [STDERR_REDIRECT] [Fatal Error] :1:1: Premature end of file.
2026-03-21 17:20:09,316 [ERROR] LogOutputStream:75 - [STDERR_REDIRECT] 
2026-03-21 17:20:10,315 [ERROR] LogOutputStream:75 - [STDERR_REDIRECT] [Fatal Error] :1:1: Premature end of file.
2026-03-21 17:20:10,315 [ERROR] LogOutputStream:75 - [STDERR_REDIRECT] 
2026-03-21 17:20:11,316 [ERROR] LogOutputStream:75 - [STDERR_REDIRECT] [Fatal Error] :1:1: Premature end of file.
2026-03-21 17:20:11,316 [ERROR] LogOutputStream:75 - [STDERR_REDIRECT] 
2026-03-21 17:20:12,315 [ERROR] LogOutputStream:75 - [STDERR_REDIRECT] [Fatal Error] :1:1: Premature end of file.
2026-03-21 17:20:12,315 [ERROR] LogOutputStream:75 - [STDERR_REDIRECT] 
2026-03-21 17:20:13,314 [ERROR] LogOutputStream:75 - [STDERR_REDIRECT] [Fatal Error] :1:1: Premature end of file.
2026-03-21 17:20:13,314 [ERROR] LogOutputStream:75 - [STDERR_REDIRECT] 
2026-03-21 17:20:14,315 [ERROR] LogOutputStream:75 - [STDERR_REDIRECT] [Fatal Error] :1:1: Premature end of file.
2026-03-21 17:20:14,315 [ERROR] LogOutputStream:75 - [STDERR_REDIRECT] 
2026-03-21 17:20:15,316 [ERROR] LogOutputStream:75 - [STDERR_REDIRECT] [Fatal Error] :1:1: Premature end of file.
2026-03-21 17:20:15,317 [ERROR] LogOutputStream:75 - [STDERR_REDIRECT] 
2026-03-21 17:20:16,316 [ERROR] LogOutputStream:75 - [STDERR_REDIRECT] [Fatal Error] :1:1: Premature end of file.
2026-03-21 17:20:16,316 [ERROR] LogOutputStream:75 - [STDERR_REDIRECT] 
2026-03-21 17:20:17,318 [ERROR] LogOutputStream:75 - [STDERR_REDIRECT] [Fatal Error] :1:1: Premature end of file.
2026-03-21 17:20:17,318 [ERROR] LogOutputStream:75 - [STDERR_REDIRECT] 
2026-03-21 17:20:18,316 [ERROR] LogOutputStream:75 - [STDERR_REDIRECT] [Fatal Error] :1:1: Premature end of file.
2026-03-21 17:20:18,316 [ERROR] LogOutputStream:75 - [STDERR_REDIRECT] 
2026-03-21 17:20:19,315 [ERROR] LogOutputStream:75 - [STDERR_REDIRECT] [Fatal Error] :1:1: Premature end of file.
2026-03-21 17:20:19,315 [ERROR] LogOutputStream:75 - [STDERR_REDIRECT] 
2026-03-21 17:20:20,315 [ERROR] LogOutputStream:75 - [STDERR_REDIRECT] [Fatal Error] :1:1: Premature end of file.
2026-03-21 17:20:20,315 [ERROR] LogOutputStream:75 - [STDERR_REDIRECT] 
2026-03-21 17:20:21,315 [ERROR] LogOutputStream:75 - [STDERR_REDIRECT] [Fatal Error] :1:1: Premature end of file.
2026-03-21 17:20:21,315 [ERROR] LogOutputStream:75 - [STDERR_REDIRECT] 
2026-03-21 17:20:22,315 [ERROR] LogOutputStream:75 - [STDERR_REDIRECT] [Fatal Error] :1:1: Premature end of file.
2026-03-21 17:20:22,315 [ERROR] LogOutputStream:75 - [STDERR_REDIRECT] 
2026-03-21 17:20:23,315 [ERROR] LogOutputStream:75 - [STDERR_REDIRECT] [Fatal Error] :1:1: Premature end of file.
2026-03-21 17:20:23,315 [ERROR] LogOutputStream:75 - [STDERR_REDIRECT] 
2026-03-21 17:20:24,336 [ERROR] LogOutputStream:75 - [STDERR_REDIRECT] [Fatal Error] :1:1: Premature end of file.
2026-03-21 17:20:24,336 [ERROR] LogOutputStream:75 - [STDERR_REDIRECT] 
2026-03-21 17:20:25,323 [ERROR] LogOutputStream:75 - [STDERR_REDIRECT] [Fatal Error] :1:1: Premature end of file.
2026-03-21 17:20:25,323 [ERROR] LogOutputStream:75 - [STDERR_REDIRECT] 
2026-03-21 17:20:26,321 [ERROR] LogOutputStream:75 - [STDERR_REDIRECT] [Fatal Error] :1:1: Premature end of file.
2026-03-21 17:20:26,321 [ERROR] LogOutputStream:75 - [STDERR_REDIRECT] 
2026-03-21 17:20:27,349 [ERROR] LogOutputStream:75 - [STDERR_REDIRECT] [Fatal Error] :1:1: Premature end of file.
2026-03-21 17:20:27,349 [ERROR] LogOutputStream:75 - [STDERR_REDIRECT] 
2026-03-21 17:20:28,323 [ERROR] LogOutputStream:75 - [STDERR_REDIRECT] [Fatal Error] :1:1: Premature end of file.
2026-03-21 17:20:28,323 [ERROR] LogOutputStream:75 - [STDERR_REDIRECT] 
2026-03-21 17:20:29,321 [ERROR] LogOutputStream:75 - [STDERR_REDIRECT] [Fatal Error] :1:1: Premature end of file.
2026-03-21 17:20:29,321 [ERROR] LogOutputStream:75 - [STDERR_REDIRECT] 
2026-03-21 17:20:30,315 [ERROR] LogOutputStream:75 - [STDERR_REDIRECT] [Fatal Error] :1:1: Premature end of file.
2026-03-21 17:20:30,315 [ERROR] LogOutputStream:75 - [STDERR_REDIRECT] 
2026-03-21 17:20:31,316 [ERROR] LogOutputStream:75 - [STDERR_REDIRECT] [Fatal Error] :1:1: Premature end of file.
2026-03-21 17:20:31,316 [ERROR] LogOutputStream:75 - [STDERR_REDIRECT] 
2026-03-21 17:20:32,320 [ERROR] LogOutputStream:75 - [STDERR_REDIRECT] [Fatal Error] :1:1: Premature end of file.
2026-03-21 17:20:32,321 [ERROR] LogOutputStream:75 - [STDERR_REDIRECT] 
2026-03-21 17:20:33,317 [ERROR] LogOutputStream:75 - [STDERR_REDIRECT] [Fatal Error] :1:1: Premature end of file.
2026-03-21 17:20:33,317 [ERROR] LogOutputStream:75 - [STDERR_REDIRECT] 
2026-03-21 17:20:34,317 [ERROR] LogOutputStream:75 - [STDERR_REDIRECT] [Fatal Error] :1:1: Premature end of file.
2026-03-21 17:20:34,318 [ERROR] LogOutputStream:75 - [STDERR_REDIRECT] 
2026-03-21 17:20:35,315 [ERROR] LogOutputStream:75 - [STDERR_REDIRECT] [Fatal Error] :1:1: Premature end of file.
2026-03-21 17:20:35,315 [ERROR] LogOutputStream:75 - [STDERR_REDIRECT] 
2026-03-21 17:20:36,315 [ERROR] LogOutputStream:75 - [STDERR_REDIRECT] [Fatal Error] :1:1: Premature end of file.
2026-03-21 17:20:36,315 [ERROR] LogOutputStream:75 - [STDERR_REDIRECT] 
2026-03-21 17:20:37,316 [ERROR] LogOutputStream:75 - [STDERR_REDIRECT] [Fatal Error] :1:1: Premature end of file.
2026-03-21 17:20:37,316 [ERROR] LogOutputStream:75 - [STDERR_REDIRECT] 
2026-03-21 17:20:38,317 [ERROR] LogOutputStream:75 - [STDERR_REDIRECT] [Fatal Error] :1:1: Premature end of file.
2026-03-21 17:20:38,317 [ERROR] LogOutputStream:75 - [STDERR_REDIRECT] 
2026-03-21 17:20:39,324 [ERROR] LogOutputStream:75 - [STDERR_REDIRECT] [Fatal Error] :1:1: Premature end of file.
2026-03-21 17:20:39,325 [ERROR] LogOutputStream:75 - [STDERR_REDIRECT] 
2026-03-21 17:20:39,662 [ERROR] LogOutputStream:75 - [STDERR_REDIRECT] 
2026-03-21 17:20:57,160 [INFO] Activator:176 - 


2026-03-21 17:20:57,160 [INFO] Activator:177 - !SESSION log4j initialized
2026-03-21 17:21:00,948 [INFO] LogOutputStream:77 - [STDOUT_REDIRECT] 
